1772175211512	geckodriver	INFO	Listening on 127.0.0.1:52831
1772175214620	mozrunner::runner	INFO	Running command: "C:\\Program Files\\Mozilla Firefox\\firefox.exe" "--marionette" "--remote-debugging-port" "52832" "--remote-allow-hosts" "localhost" "-no-remote" "-profile" "C:\\Users\\NEMETH~1\\AppData\\Local\\Temp\\rust_mozprofile1B1fxR"
console.warn: services.settings: Ignoring preference override of remote settings server
console.warn: services.settings: Allow by setting MOZ_REMOTE_SETTINGS_DEVTOOLS=1 in the environment
Dynamically enable window occlusion 0
1772175214839	Marionette	INFO	Marionette enabled
1772175214908	Marionette	INFO	Listening on port 52840
WebDriver BiDi listening on ws://127.0.0.1:52832
Read port: 52840
1772175214997	RemoteAgent	WARN	TLS certificate errors will be ignored for this session
console.warn: LoginRecipes: "Falling back to a synchronous message for: https://www.saucedemo.com."
console.warn: LoginRecipes: "Falling back to a synchronous message for: https://www.saucedemo.com."
JavaScript error: moz-src:///browser/components/search/SearchOneOffs.sys.mjs, line 392: TypeError: aEngine.getIconURL is not a function
JavaScript error: resource:///modules/sessionstore/SessionStore.sys.mjs, line 2866: NotFoundError: No such JSProcessActor 'DevToolsProcess'
JavaScript error: resource:///modules/sessionstore/SessionStore.sys.mjs, line 2866: NotFoundError: No such JSProcessActor 'DevToolsProcess'
JavaScript error: resource:///modules/sessionstore/SessionStore.sys.mjs, line 2866: NotFoundError: No such JSProcessActor 'DevToolsProcess'
1772176710613	Marionette	INFO	Stopped listening on port 52840
Dynamically enable window occlusion 1
console.warn: TopSitesFeed: Failed to fetch data from MARS server: NetworkError when attempting to fetch resource.
console.error: "Error in worker resource://devtools/client/shared/source-map-loader/worker.js" ": "
